[14/Apr/2014 21:59:54] ERROR [dashboardsus.apps.core.views:170] Template not found! Raised: ajax/gui.html
[14/Apr/2014 21:59:54] ERROR [dashboardsus.apps.core.views:170] Template not found! Raised: ajax/editar_pacientes.html
[14/Apr/2014 21:59:54] ERROR [dashboardsus.apps.core.views:170] Template not found! Raised: ajax/editar_pacientes.html
[14/Apr/2014 21:59:54] INFO [dashboardsus.apps.core.views:176] Not found available templates, loading 404 template!
[14/Apr/2014 21:59:55] INFO [dashboardsus.apps.core.views:172] Template loaded: gui/pacientes.html
[14/Apr/2014 21:59:57] INFO [dashboardsus.apps.core.views:172] Template loaded: gui/editar_pacientes.html
[14/Apr/2014 22:00:27] ERROR [dashboardsus.apps.core.views:170] Template not found! Raised: gui/ajax/editar_pacientes.html
[14/Apr/2014 22:00:27] ERROR [dashboardsus.apps.core.views:170] Template not found! Raised: ajax/gui.html
[14/Apr/2014 22:00:27] ERROR [dashboardsus.apps.core.views:170] Template not found! Raised: ajax/editar_pacientes.html
[14/Apr/2014 22:00:27] ERROR [dashboardsus.apps.core.views:170] Template not found! Raised: ajax/editar_pacientes.html
[14/Apr/2014 22:00:27] INFO [dashboardsus.apps.core.views:176] Not found available templates, loading 404 template!
[14/Apr/2014 22:00:28] INFO [dashboardsus.apps.core.views:172] Template loaded: gui/pacientes.html
[14/Apr/2014 22:00:34] INFO [dashboardsus.apps.core.views:172] Template loaded: gui/editar_pacientes.html
[14/Apr/2014 22:00:50] ERROR [dashboardsus.apps.core.views:170] Template not found! Raised: gui/ajax/editar_pacientes.html
[14/Apr/2014 22:00:50] ERROR [dashboardsus.apps.core.views:170] Template not found! Raised: ajax/gui.html
[14/Apr/2014 22:00:50] ERROR [dashboardsus.apps.core.views:170] Template not found! Raised: ajax/editar_pacientes.html
[14/Apr/2014 22:00:50] ERROR [dashboardsus.apps.core.views:170] Template not found! Raised: ajax/editar_pacientes.html
[14/Apr/2014 22:00:50] INFO [dashboardsus.apps.core.views:176] Not found available templates, loading 404 template!
[14/Apr/2014 22:00:51] INFO [dashboardsus.apps.core.views:172] Template loaded: gui/pacientes.html
[14/Apr/2014 22:01:21] INFO [dashboardsus.apps.core.views:172] Template loaded: gui/editar_pacientes.html
[14/Apr/2014 22:01:24] ERROR [dashboardsus.apps.core.views:170] Template not found! Raised: gui/ajax/editar_pacientes.html
[14/Apr/2014 22:01:24] ERROR [dashboardsus.apps.core.views:170] Template not found! Raised: ajax/gui.html
[14/Apr/2014 22:01:24] ERROR [dashboardsus.apps.core.views:170] Template not found! Raised: ajax/editar_pacientes.html
[14/Apr/2014 22:01:24] ERROR [dashboardsus.apps.core.views:170] Template not found! Raised: ajax/editar_pacientes.html
[14/Apr/2014 22:01:24] INFO [dashboardsus.apps.core.views:176] Not found available templates, loading 404 template!
[14/Apr/2014 22:01:25] INFO [dashboardsus.apps.core.views:172] Template loaded: gui/pacientes.html
[14/Apr/2014 22:01:26] INFO [dashboardsus.apps.core.views:172] Template loaded: gui/editar_pacientes.html
[14/Apr/2014 22:02:04] ERROR [dashboardsus.apps.core.views:170] Template not found! Raised: gui/ajax/editar_pacientes.html
[14/Apr/2014 22:02:04] ERROR [dashboardsus.apps.core.views:170] Template not found! Raised: ajax/gui.html
[14/Apr/2014 22:02:04] ERROR [dashboardsus.apps.core.views:170] Template not found! Raised: ajax/editar_pacientes.html
[14/Apr/2014 22:02:04] ERROR [dashboardsus.apps.core.views:170] Template not found! Raised: ajax/editar_pacientes.html
[14/Apr/2014 22:02:04] INFO [dashboardsus.apps.core.views:176] Not found available templates, loading 404 template!
[14/Apr/2014 22:02:05] INFO [dashboardsus.apps.core.views:172] Template loaded: gui/pacientes.html
[14/Apr/2014 22:02:06] INFO [dashboardsus.apps.core.views:172] Template loaded: gui/editar_pacientes.html
[14/Apr/2014 22:02:19] ERROR [dashboardsus.apps.core.views:170] Template not found! Raised: gui/ajax/editar_pacientes.html
[14/Apr/2014 22:02:19] ERROR [dashboardsus.apps.core.views:170] Template not found! Raised: ajax/gui.html
[14/Apr/2014 22:02:19] ERROR [dashboardsus.apps.core.views:170] Template not found! Raised: ajax/editar_pacientes.html
[14/Apr/2014 22:02:19] ERROR [dashboardsus.apps.core.views:170] Template not found! Raised: ajax/editar_pacientes.html
[14/Apr/2014 22:02:19] INFO [dashboardsus.apps.core.views:176] Not found available templates, loading 404 template!
[14/Apr/2014 22:02:20] INFO [dashboardsus.apps.core.views:172] Template loaded: gui/pacientes.html
[14/Apr/2014 22:02:22] INFO [dashboardsus.apps.core.views:172] Template loaded: gui/editar_pacientes.html
[14/Apr/2014 22:02:25] INFO [dashboardsus.apps.core.views:172] Template loaded: gui/pacientes.html
[14/Apr/2014 22:02:28] INFO [dashboardsus.apps.core.views:172] Template loaded: gui/home.html
[14/Apr/2014 22:02:32] ERROR [dashboardsus.apps.core.views:170] Template not found! Raised: gui/medical_appointments.html
[14/Apr/2014 22:02:32] ERROR [dashboardsus.apps.core.views:170] Template not found! Raised: gui.html
[14/Apr/2014 22:02:32] ERROR [dashboardsus.apps.core.views:170] Template not found! Raised: gui/medical_appointments.html
[14/Apr/2014 22:02:32] INFO [dashboardsus.apps.core.views:176] Not found available templates, loading 404 template!
[14/Apr/2014 22:06:46] INFO [dashboardsus.apps.core.views:172] Template loaded: gui/home.html
[14/Apr/2014 22:08:25] INFO [dashboardsus.apps.core.views:172] Template loaded: gui/home.html
[14/Apr/2014 22:10:46] INFO [dashboardsus.apps.core.views:172] Template loaded: gui/home.html
[14/Apr/2014 22:10:50] INFO [dashboardsus.apps.core.views:172] Template loaded: gui/home.html
[14/Apr/2014 22:11:31] INFO [dashboardsus.apps.core.views:172] Template loaded: gui/home.html
[14/Apr/2014 22:13:43] INFO [dashboardsus.apps.core.views:172] Template loaded: gui/home.html
[14/Apr/2014 22:13:48] INFO [dashboardsus.apps.core.views:172] Template loaded: gui/home.html
[14/Apr/2014 22:19:45] INFO [dashboardsus.apps.core.views:172] Template loaded: gui/home.html
[14/Apr/2014 22:23:08] INFO [dashboardsus.apps.core.views:172] Template loaded: gui/home.html
[14/Apr/2014 22:23:17] INFO [dashboardsus.apps.core.views:172] Template loaded: gui/home.html
[14/Apr/2014 22:23:51] INFO [dashboardsus.apps.core.views:172] Template loaded: gui/home.html
[14/Apr/2014 22:24:08] INFO [dashboardsus.apps.core.views:172] Template loaded: gui/home.html
[14/Apr/2014 22:25:25] INFO [dashboardsus.apps.core.views:172] Template loaded: gui/home.html
[14/Apr/2014 22:25:47] INFO [dashboardsus.apps.core.views:172] Template loaded: gui/home.html
[14/Apr/2014 22:27:51] INFO [dashboardsus.apps.core.views:172] Template loaded: gui/home.html
[14/Apr/2014 22:34:43] INFO [dashboardsus.apps.core.views:172] Template loaded: gui/home.html
[14/Apr/2014 22:34:53] INFO [dashboardsus.apps.core.views:172] Template loaded: gui/home.html
[14/Apr/2014 22:35:02] INFO [dashboardsus.apps.core.views:172] Template loaded: gui/home.html
[14/Apr/2014 22:35:29] INFO [dashboardsus.apps.core.views:172] Template loaded: gui/home.html
[14/Apr/2014 22:35:40] INFO [dashboardsus.apps.core.views:172] Template loaded: gui/home.html
[14/Apr/2014 22:35:55] INFO [dashboardsus.apps.core.views:172] Template loaded: gui/home.html
[14/Apr/2014 22:36:08] INFO [dashboardsus.apps.core.views:172] Template loaded: gui/home.html
[14/Apr/2014 22:39:18] INFO [dashboardsus.apps.core.views:172] Template loaded: gui/home.html
[14/Apr/2014 22:39:41] INFO [dashboardsus.apps.core.views:172] Template loaded: gui/home.html
[14/Apr/2014 22:41:10] INFO [dashboardsus.apps.core.views:172] Template loaded: gui/home.html
[14/Apr/2014 22:41:13] INFO [dashboardsus.apps.core.views:172] Template loaded: gui/home.html
[14/Apr/2014 22:41:15] INFO [dashboardsus.apps.core.views:172] Template loaded: gui/home.html
[14/Apr/2014 22:41:21] INFO [dashboardsus.apps.core.views:172] Template loaded: gui/home.html
[14/Apr/2014 22:41:25] INFO [dashboardsus.apps.core.views:172] Template loaded: gui/home.html
[14/Apr/2014 22:41:49] INFO [dashboardsus.apps.core.views:172] Template loaded: gui/home.html
[14/Apr/2014 22:42:09] INFO [dashboardsus.apps.core.views:172] Template loaded: gui/home.html
[14/Apr/2014 22:42:12] INFO [dashboardsus.apps.core.views:172] Template loaded: gui/home.html
[14/Apr/2014 22:42:14] INFO [dashboardsus.apps.core.views:172] Template loaded: gui/home.html
[14/Apr/2014 22:42:20] INFO [dashboardsus.apps.core.views:172] Template loaded: gui/home.html
[14/Apr/2014 22:42:22] INFO [dashboardsus.apps.core.views:172] Template loaded: gui/home.html
[14/Apr/2014 22:42:24] INFO [dashboardsus.apps.core.views:172] Template loaded: gui/home.html
[14/Apr/2014 22:42:25] INFO [dashboardsus.apps.core.views:172] Template loaded: gui/home.html
[14/Apr/2014 22:42:28] INFO [dashboardsus.apps.core.views:172] Template loaded: gui/home.html
[14/Apr/2014 22:42:30] INFO [dashboardsus.apps.core.views:172] Template loaded: gui/home.html
[14/Apr/2014 22:42:32] INFO [dashboardsus.apps.core.views:172] Template loaded: gui/home.html
[14/Apr/2014 22:42:35] INFO [dashboardsus.apps.core.views:172] Template loaded: gui/home.html
[14/Apr/2014 22:43:25] INFO [dashboardsus.apps.core.views:172] Template loaded: gui/home.html
[14/Apr/2014 22:43:41] INFO [dashboardsus.apps.core.views:172] Template loaded: gui/home.html
[14/Apr/2014 22:43:47] INFO [dashboardsus.apps.core.views:172] Template loaded: gui/home.html
[14/Apr/2014 22:44:16] INFO [dashboardsus.apps.core.views:172] Template loaded: gui/home.html
[14/Apr/2014 22:44:55] INFO [dashboardsus.apps.core.views:172] Template loaded: gui/home.html
[14/Apr/2014 22:45:40] INFO [dashboardsus.apps.core.views:172] Template loaded: gui/home.html
[14/Apr/2014 22:45:58] INFO [dashboardsus.apps.core.views:172] Template loaded: gui/home.html
[14/Apr/2014 22:46:03] INFO [dashboardsus.apps.core.views:172] Template loaded: gui/home.html
[14/Apr/2014 22:46:06] INFO [dashboardsus.apps.core.views:172] Template loaded: gui/home.html
[14/Apr/2014 22:46:07] INFO [dashboardsus.apps.core.views:172] Template loaded: gui/home.html
[14/Apr/2014 22:46:22] INFO [dashboardsus.apps.core.views:172] Template loaded: gui/home.html
[14/Apr/2014 22:46:33] INFO [dashboardsus.apps.core.views:172] Template loaded: gui/home.html
[14/Apr/2014 22:47:06] INFO [dashboardsus.apps.core.views:172] Template loaded: gui/home.html
[14/Apr/2014 22:47:24] INFO [dashboardsus.apps.core.views:172] Template loaded: gui/pacientes.html
[14/Apr/2014 22:47:25] INFO [dashboardsus.apps.core.views:172] Template loaded: gui/editar_pacientes.html
[14/Apr/2014 22:47:28] INFO [dashboardsus.apps.core.views:172] Template loaded: gui/home.html
[14/Apr/2014 22:48:37] INFO [dashboardsus.apps.core.views:172] Template loaded: gui/home.html
[14/Apr/2014 22:49:05] INFO [dashboardsus.apps.core.views:172] Template loaded: gui/home.html
[14/Apr/2014 22:49:14] INFO [dashboardsus.apps.core.views:172] Template loaded: gui/home.html
[14/Apr/2014 22:49:44] INFO [dashboardsus.apps.core.views:172] Template loaded: gui/home.html
[14/Apr/2014 22:49:52] INFO [dashboardsus.apps.core.views:172] Template loaded: gui/home.html
[14/Apr/2014 22:50:18] INFO [dashboardsus.apps.core.views:172] Template loaded: gui/home.html
[14/Apr/2014 22:50:28] INFO [dashboardsus.apps.core.views:172] Template loaded: gui/home.html
[14/Apr/2014 22:50:32] INFO [dashboardsus.apps.core.views:172] Template loaded: gui/home.html
[14/Apr/2014 22:50:56] INFO [dashboardsus.apps.core.views:172] Template loaded: gui/home.html
[14/Apr/2014 22:51:02] INFO [dashboardsus.apps.core.views:172] Template loaded: gui/home.html
[14/Apr/2014 22:51:10] INFO [dashboardsus.apps.core.views:172] Template loaded: gui/home.html
[14/Apr/2014 22:51:15] INFO [dashboardsus.apps.core.views:172] Template loaded: gui/home.html
[14/Apr/2014 22:51:38] INFO [dashboardsus.apps.core.views:172] Template loaded: gui/home.html
[14/Apr/2014 22:51:53] INFO [dashboardsus.apps.core.views:172] Template loaded: gui/home.html
[14/Apr/2014 22:52:24] INFO [dashboardsus.apps.core.views:172] Template loaded: gui/home.html
[14/Apr/2014 22:52:59] INFO [dashboardsus.apps.core.views:172] Template loaded: gui/home.html
[14/Apr/2014 22:53:15] INFO [dashboardsus.apps.core.views:172] Template loaded: gui/home.html
[14/Apr/2014 22:53:46] INFO [dashboardsus.apps.core.views:172] Template loaded: gui/home.html
[14/Apr/2014 22:53:57] INFO [dashboardsus.apps.core.views:172] Template loaded: gui/home.html
[14/Apr/2014 22:54:02] INFO [dashboardsus.apps.core.views:172] Template loaded: gui/home.html
[14/Apr/2014 22:55:00] INFO [dashboardsus.apps.core.views:172] Template loaded: gui/home.html
[14/Apr/2014 22:55:10] INFO [dashboardsus.apps.core.views:172] Template loaded: gui/home.html
[14/Apr/2014 22:57:04] INFO [dashboardsus.apps.core.views:172] Template loaded: gui/home.html
[14/Apr/2014 22:57:46] INFO [dashboardsus.apps.core.views:172] Template loaded: gui/home.html
[14/Apr/2014 22:57:49] ERROR [dashboardsus.apps.core.views:170] Template not found! Raised: gui/ajax/home.html
[14/Apr/2014 22:57:49] ERROR [dashboardsus.apps.core.views:170] Template not found! Raised: ajax/gui.html
[14/Apr/2014 22:57:49] ERROR [dashboardsus.apps.core.views:170] Template not found! Raised: ajax/home.html
[14/Apr/2014 22:57:49] ERROR [dashboardsus.apps.core.views:170] Template not found! Raised: ajax/home.html
[14/Apr/2014 22:57:49] INFO [dashboardsus.apps.core.views:176] Not found available templates, loading 404 template!
[14/Apr/2014 22:57:53] ERROR [dashboardsus.apps.core.views:170] Template not found! Raised: gui/ajax/home.html
[14/Apr/2014 22:57:53] ERROR [dashboardsus.apps.core.views:170] Template not found! Raised: ajax/gui.html
[14/Apr/2014 22:57:53] ERROR [dashboardsus.apps.core.views:170] Template not found! Raised: ajax/home.html
[14/Apr/2014 22:57:53] ERROR [dashboardsus.apps.core.views:170] Template not found! Raised: ajax/home.html
[14/Apr/2014 22:57:53] INFO [dashboardsus.apps.core.views:176] Not found available templates, loading 404 template!
[14/Apr/2014 22:57:54] ERROR [dashboardsus.apps.core.views:170] Template not found! Raised: gui/ajax/home.html
[14/Apr/2014 22:57:54] ERROR [dashboardsus.apps.core.views:170] Template not found! Raised: ajax/gui.html
[14/Apr/2014 22:57:54] ERROR [dashboardsus.apps.core.views:170] Template not found! Raised: ajax/home.html
[14/Apr/2014 22:57:54] ERROR [dashboardsus.apps.core.views:170] Template not found! Raised: ajax/home.html
[14/Apr/2014 22:57:54] INFO [dashboardsus.apps.core.views:176] Not found available templates, loading 404 template!
[14/Apr/2014 22:57:59] ERROR [dashboardsus.apps.core.views:170] Template not found! Raised: gui/ajax/home.html
[14/Apr/2014 22:57:59] ERROR [dashboardsus.apps.core.views:170] Template not found! Raised: ajax/gui.html
[14/Apr/2014 22:57:59] ERROR [dashboardsus.apps.core.views:170] Template not found! Raised: ajax/home.html
[14/Apr/2014 22:57:59] ERROR [dashboardsus.apps.core.views:170] Template not found! Raised: ajax/home.html
[14/Apr/2014 22:57:59] INFO [dashboardsus.apps.core.views:176] Not found available templates, loading 404 template!
[14/Apr/2014 22:58:20] INFO [dashboardsus.apps.core.views:172] Template loaded: gui/home.html
[14/Apr/2014 22:58:24] INFO [dashboardsus.apps.core.views:172] Template loaded: gui/home.html
[14/Apr/2014 22:59:25] INFO [dashboardsus.apps.core.views:172] Template loaded: gui/home.html
[14/Apr/2014 22:59:35] INFO [dashboardsus.apps.core.views:172] Template loaded: gui/home.html
[14/Apr/2014 23:00:08] INFO [dashboardsus.apps.core.views:172] Template loaded: gui/home.html
[14/Apr/2014 23:03:16] INFO [dashboardsus.apps.core.views:172] Template loaded: gui/home.html
[14/Apr/2014 23:03:33] INFO [dashboardsus.apps.core.views:172] Template loaded: gui/home.html
[14/Apr/2014 23:03:47] INFO [dashboardsus.apps.core.views:172] Template loaded: gui/home.html
[14/Apr/2014 23:04:03] INFO [dashboardsus.apps.core.views:172] Template loaded: gui/home.html
[14/Apr/2014 23:04:08] INFO [dashboardsus.apps.core.views:172] Template loaded: gui/home.html
[14/Apr/2014 23:04:09] INFO [dashboardsus.apps.core.views:172] Template loaded: gui/home.html
[14/Apr/2014 23:04:53] INFO [dashboardsus.apps.core.views:172] Template loaded: gui/home.html
[14/Apr/2014 23:05:12] INFO [dashboardsus.apps.core.views:172] Template loaded: gui/home.html
[14/Apr/2014 23:05:18] INFO [dashboardsus.apps.core.views:172] Template loaded: gui/home.html
[14/Apr/2014 23:05:21] INFO [dashboardsus.apps.core.views:172] Template loaded: gui/home.html
[14/Apr/2014 23:05:28] INFO [dashboardsus.apps.core.views:172] Template loaded: gui/home.html
[14/Apr/2014 23:10:15] INFO [dashboardsus.apps.core.views:172] Template loaded: gui/home.html
[14/Apr/2014 23:10:36] INFO [dashboardsus.apps.core.views:172] Template loaded: gui/home.html
[14/Apr/2014 23:10:46] INFO [dashboardsus.apps.core.views:172] Template loaded: gui/home.html
[14/Apr/2014 23:11:31] INFO [dashboardsus.apps.core.views:172] Template loaded: gui/home.html
[14/Apr/2014 23:11:33] INFO [dashboardsus.apps.core.views:172] Template loaded: gui/home.html
[14/Apr/2014 23:11:37] INFO [dashboardsus.apps.core.views:172] Template loaded: gui/home.html
[14/Apr/2014 23:11:47] INFO [dashboardsus.apps.core.views:172] Template loaded: gui/home.html
[14/Apr/2014 23:12:14] INFO [dashboardsus.apps.core.views:172] Template loaded: gui/home.html
[14/Apr/2014 23:12:17] INFO [dashboardsus.apps.core.views:172] Template loaded: gui/home.html
[14/Apr/2014 23:12:23] INFO [dashboardsus.apps.core.views:172] Template loaded: gui/home.html
[14/Apr/2014 23:12:52] INFO [dashboardsus.apps.core.views:172] Template loaded: gui/home.html
[14/Apr/2014 23:13:20] INFO [dashboardsus.apps.core.views:172] Template loaded: gui/home.html
[14/Apr/2014 23:13:25] INFO [dashboardsus.apps.core.views:172] Template loaded: gui/home.html
[14/Apr/2014 23:13:40] INFO [dashboardsus.apps.core.views:172] Template loaded: gui/home.html
[14/Apr/2014 23:13:43] INFO [dashboardsus.apps.core.views:172] Template loaded: gui/home.html
[14/Apr/2014 23:13:49] INFO [dashboardsus.apps.core.views:172] Template loaded: gui/home.html
[14/Apr/2014 23:13:53] INFO [dashboardsus.apps.core.views:172] Template loaded: gui/home.html
[14/Apr/2014 23:13:57] INFO [dashboardsus.apps.core.views:172] Template loaded: gui/home.html
[14/Apr/2014 23:17:55] INFO [dashboardsus.apps.core.views:172] Template loaded: gui/home.html
[14/Apr/2014 23:18:00] INFO [dashboardsus.apps.core.views:172] Template loaded: gui/home.html
[14/Apr/2014 23:18:03] INFO [dashboardsus.apps.core.views:172] Template loaded: gui/home.html
[14/Apr/2014 23:18:09] INFO [dashboardsus.apps.core.views:172] Template loaded: gui/home.html
[14/Apr/2014 23:18:13] INFO [dashboardsus.apps.core.views:172] Template loaded: gui/home.html
[14/Apr/2014 23:19:05] INFO [dashboardsus.apps.core.views:172] Template loaded: gui/home.html
[14/Apr/2014 23:19:25] INFO [dashboardsus.apps.core.views:172] Template loaded: gui/home.html
[14/Apr/2014 23:19:33] INFO [dashboardsus.apps.core.views:172] Template loaded: gui/home.html
[14/Apr/2014 23:19:50] INFO [dashboardsus.apps.core.views:172] Template loaded: gui/home.html
[14/Apr/2014 23:20:27] INFO [dashboardsus.apps.core.views:172] Template loaded: gui/home.html
[14/Apr/2014 23:20:33] INFO [dashboardsus.apps.core.views:172] Template loaded: gui/home.html
[14/Apr/2014 23:20:47] INFO [dashboardsus.apps.core.views:172] Template loaded: gui/home.html
[14/Apr/2014 23:21:42] INFO [dashboardsus.apps.core.views:172] Template loaded: gui/home.html
[14/Apr/2014 23:21:58] INFO [dashboardsus.apps.core.views:172] Template loaded: gui/home.html
[14/Apr/2014 23:22:51] INFO [dashboardsus.apps.core.views:172] Template loaded: gui/home.html
[14/Apr/2014 23:25:48] INFO [dashboardsus.apps.core.views:172] Template loaded: gui/home.html
[14/Apr/2014 23:25:53] INFO [dashboardsus.apps.core.views:172] Template loaded: gui/home.html
[14/Apr/2014 23:25:56] INFO [dashboardsus.apps.core.views:172] Template loaded: gui/home.html
[14/Apr/2014 23:25:59] INFO [dashboardsus.apps.core.views:172] Template loaded: gui/home.html
[14/Apr/2014 23:26:03] INFO [dashboardsus.apps.core.views:172] Template loaded: gui/home.html
[14/Apr/2014 23:26:15] INFO [dashboardsus.apps.core.views:172] Template loaded: gui/home.html
[14/Apr/2014 23:52:46] INFO [dashboardsus.apps.core.views:172] Template loaded: gui/home.html
[14/Apr/2014 23:53:52] INFO [dashboardsus.apps.core.views:172] Template loaded: gui/home.html
[15/Apr/2014 00:03:06] INFO [dashboardsus.apps.core.views:172] Template loaded: gui/home.html
[15/Apr/2014 00:03:22] INFO [dashboardsus.apps.core.views:172] Template loaded: gui/home.html
[15/Apr/2014 00:03:37] INFO [dashboardsus.apps.core.views:172] Template loaded: gui/home.html
[15/Apr/2014 00:03:50] INFO [dashboardsus.apps.core.views:172] Template loaded: gui/home.html
[15/Apr/2014 00:03:58] INFO [dashboardsus.apps.core.views:172] Template loaded: gui/home.html
[15/Apr/2014 00:04:17] INFO [dashboardsus.apps.core.views:172] Template loaded: gui/home.html
[15/Apr/2014 00:04:46] INFO [dashboardsus.apps.core.views:172] Template loaded: gui/home.html
[15/Apr/2014 00:05:02] INFO [dashboardsus.apps.core.views:172] Template loaded: gui/home.html
[15/Apr/2014 00:05:56] INFO [dashboardsus.apps.core.views:172] Template loaded: gui/home.html
[15/Apr/2014 00:06:00] INFO [dashboardsus.apps.core.views:172] Template loaded: gui/home.html
[15/Apr/2014 00:06:10] INFO [dashboardsus.apps.core.views:172] Template loaded: gui/home.html
[15/Apr/2014 00:06:33] INFO [dashboardsus.apps.core.views:172] Template loaded: gui/home.html
[15/Apr/2014 00:06:53] INFO [dashboardsus.apps.core.views:172] Template loaded: gui/home.html
[15/Apr/2014 00:07:00] INFO [dashboardsus.apps.core.views:172] Template loaded: gui/home.html
[15/Apr/2014 00:07:07] INFO [dashboardsus.apps.core.views:172] Template loaded: gui/home.html
[15/Apr/2014 00:07:37] INFO [dashboardsus.apps.core.views:172] Template loaded: gui/home.html
[15/Apr/2014 00:08:12] INFO [dashboardsus.apps.core.views:172] Template loaded: gui/home.html
[15/Apr/2014 00:08:16] INFO [dashboardsus.apps.core.views:172] Template loaded: gui/home.html
[15/Apr/2014 00:08:24] INFO [dashboardsus.apps.core.views:172] Template loaded: gui/home.html
[15/Apr/2014 00:08:39] INFO [dashboardsus.apps.core.views:172] Template loaded: gui/home.html
[15/Apr/2014 00:08:44] INFO [dashboardsus.apps.core.views:172] Template loaded: gui/home.html
[15/Apr/2014 00:08:46] INFO [dashboardsus.apps.core.views:172] Template loaded: gui/home.html
[15/Apr/2014 00:08:50] INFO [dashboardsus.apps.core.views:172] Template loaded: gui/home.html
[15/Apr/2014 00:08:52] INFO [dashboardsus.apps.core.views:172] Template loaded: gui/home.html
[15/Apr/2014 00:09:06] INFO [dashboardsus.apps.core.views:172] Template loaded: gui/home.html
[15/Apr/2014 00:09:10] INFO [dashboardsus.apps.core.views:172] Template loaded: gui/home.html
[15/Apr/2014 00:09:13] INFO [dashboardsus.apps.core.views:172] Template loaded: gui/home.html
[15/Apr/2014 00:09:16] INFO [dashboardsus.apps.core.views:172] Template loaded: gui/home.html
[15/Apr/2014 00:10:16] INFO [dashboardsus.apps.core.views:172] Template loaded: gui/home.html
[15/Apr/2014 00:10:27] INFO [dashboardsus.apps.core.views:172] Template loaded: gui/home.html
[15/Apr/2014 00:10:31] INFO [dashboardsus.apps.core.views:172] Template loaded: gui/home.html
[15/Apr/2014 00:10:34] INFO [dashboardsus.apps.core.views:172] Template loaded: gui/home.html
[15/Apr/2014 00:10:37] INFO [dashboardsus.apps.core.views:172] Template loaded: gui/home.html
[15/Apr/2014 00:10:40] INFO [dashboardsus.apps.core.views:172] Template loaded: gui/home.html
[15/Apr/2014 00:10:42] INFO [dashboardsus.apps.core.views:172] Template loaded: gui/home.html
[15/Apr/2014 00:10:46] INFO [dashboardsus.apps.core.views:172] Template loaded: gui/home.html
[15/Apr/2014 00:10:48] INFO [dashboardsus.apps.core.views:172] Template loaded: gui/home.html
[15/Apr/2014 00:10:50] INFO [dashboardsus.apps.core.views:172] Template loaded: gui/home.html
[15/Apr/2014 00:10:53] INFO [dashboardsus.apps.core.views:172] Template loaded: gui/home.html
[15/Apr/2014 00:10:55] INFO [dashboardsus.apps.core.views:172] Template loaded: gui/home.html
[15/Apr/2014 00:10:58] INFO [dashboardsus.apps.core.views:172] Template loaded: gui/home.html
